<?xml version="1.0" encoding="UTF-8"?>
<testsuite xmlns:xsi="http://www.w3.org/2001/XMLSchema-instance" xsi:noNamespaceSchemaLocation="https://maven.apache.org/surefire/maven-surefire-plugin/xsd/surefire-test-report.xsd" name="com.mycompany.mavenproject1.ProcessBuilderExTest" time="0.037" tests="1" errors="1" skipped="0" failures="0">
  <properties>
[...]
</properties>
  <testcase name="testStartProcess" classname="com.mycompany.mavenproject1.ProcessBuilderExTest" time="0.026">
    <error message="Cannot run program &quot;C:\Dev\python3&quot;: CreateProcess error=2, The system cannot find the file specified" type="java.io.IOException">java.io.IOException: Cannot run program "C:\Dev\python3": CreateProcess error=2, The system cannot find the file specified
	at com.mycompany.mavenproject1/com.mycompany.mavenproject1.ProcessBuilderExTest.testStartProcess(ProcessBuilderExTest.java:31)
Caused by: java.io.IOException: CreateProcess error=2, The system cannot find the file specified
	at com.mycompany.mavenproject1/com.mycompany.mavenproject1.ProcessBuilderExTest.testStartProcess(ProcessBuilderExTest.java:31)
</error>
    <system-out><![CDATA[startProcess
]]></system-out>
  </testcase>
</testsuite>